FY109 FHE設計平台使用狀況
========= =================
登入時間:  2020-10-26 11:30:30
登出時間:  2020-10-26 11:30:37
------------------------------------------
登入時間:  2020-10-26 11:32:39
登出時間:  2020-10-26 11:32:51
------------------------------------------
登入時間:  2020-10-26 11:34:50
登出時間:  2020-10-26 11:35:01
------------------------------------------
登入時間:  2020-10-26 11:35:33
登出時間:  2020-10-26 11:35:40
------------------------------------------
登入時間:  2020-10-26 12:36:00
登入時間:  2020-10-26 12:36:32
登入時間:  2020-10-26 12:38:29
登出時間:  2020-10-26 12:38:52
------------------------------------------
登入時間:  2020-10-26 12:38:57
登入時間:  2020-10-26 12:39:42
登出時間:  2020-10-26 12:40:18
------------------------------------------
登入時間:  2020-10-26 12:40:23
登入時間:  2020-10-26 12:42:01
登出時間:  2020-10-26 12:47:13
------------------------------------------
登入時間:  2020-10-26 12:47:24
登出時間:  2020-10-26 12:48:57
------------------------------------------
登入時間:  2020-10-26 12:49:03
登出時間:  2020-10-26 12:49:23
------------------------------------------
登入時間:  2020-10-26 13:04:30
登出時間:  2020-10-26 13:10:11
------------------------------------------
登入時間:  2020-10-26 13:10:18
登入時間:  2020-10-26 13:17:29
登出時間:  2020-10-26 13:20:23
------------------------------------------
登入時間:  2020-10-26 13:20:29
登出時間:  2020-10-26 13:22:35
------------------------------------------
登入時間:  2020-10-26 13:22:40
登出時間:  2020-10-26 13:24:03
------------------------------------------
登入時間:  2020-10-26 13:24:09
登出時間:  2020-10-26 13:33:44
------------------------------------------
登入時間:  2020-10-26 13:44:36
登出時間:  2020-10-26 13:44:47
------------------------------------------
登入時間:  2020-10-26 13:47:23
登出時間:  2020-10-26 13:48:07
------------------------------------------
登入時間:  2020-10-26 16:30:53
登入時間:  2020-10-26 22:22:00
登出時間:  2020-10-27 00:17:30
------------------------------------------
登入時間:  2020-10-27 08:45:24
登出時間:  2020-10-27 09:23:42
------------------------------------------
登入時間:  2020-10-27 09:28:57
登出時間:  2020-10-27 09:44:40
------------------------------------------
登入時間:  2020-10-27 10:48:41
登出時間:  2020-10-27 14:56:54
------------------------------------------
登入時間:  2020-10-27 15:06:43
登出時間:  2020-10-27 15:24:58
------------------------------------------
登入時間:  2020-10-27 15:25:05
登出時間:  2020-10-27 15:28:23
------------------------------------------
登入時間:  2020-10-27 15:28:32
登出時間:  2020-10-27 15:57:37
------------------------------------------
登入時間:  2020-10-27 15:57:45
登出時間:  2020-10-27 16:20:06
------------------------------------------
登入時間:  2020-10-27 23:08:39
登出時間:  2020-10-27 23:14:38
------------------------------------------
登入時間:  2020-10-27 23:14:43
登出時間:  2020-10-27 23:17:01
------------------------------------------
登入時間:  2020-10-27 23:17:09
登出時間:  2020-10-27 23:17:47
------------------------------------------
登入時間:  2020-10-27 23:17:52
登出時間:  2020-10-27 23:18:13
------------------------------------------
登入時間:  2020-10-27 23:18:19
登入時間:  2020-10-27 23:23:19
登出時間:  2020-10-27 23:23:34
------------------------------------------
登入時間:  2020-10-27 23:32:56
登出時間:  2020-10-27 23:34:04
------------------------------------------
登入時間:  2020-10-27 23:34:58
登出時間:  2020-10-27 23:37:28
------------------------------------------
登入時間:  2020-10-27 23:37:56
登出時間:  2020-10-27 23:50:47
------------------------------------------
登入時間:  2020-10-27 23:50:53
登出時間:  2020-10-28 00:04:37
------------------------------------------
登入時間:  2020-10-28 23:51:10
登出時間:  2020-10-29 00:23:07
------------------------------------------
登入時間:  2020-10-29 17:14:06
登入時間:  2020-10-29 17:17:19
登出時間:  2020-10-29 17:40:09
------------------------------------------
登入時間:  2020-10-31 12:37:16
登入時間:  2020-11-02 09:33:46
登出時間:  2020-11-02 10:57:26
------------------------------------------
登入時間:  2020-11-02 15:19:04
登出時間:  2020-11-02 15:19:14
------------------------------------------
登入時間:  2020-11-02 15:33:56
登出時間:  2020-11-02 15:34:33
------------------------------------------
登入時間:  2020-11-06 16:38:46
登出時間:  2020-11-06 16:46:11
------------------------------------------
登入時間:  2020-11-09 08:56:01
登出時間:  2020-11-09 17:49:57
------------------------------------------
登入時間:  2020-11-17 13:27:47
登入時間:  2020-11-18 17:17:59
登出時間:  2020-11-18 17:20:28
------------------------------------------
登入時間:  2020-11-19 08:49:34
登出時間:  2020-11-19 09:02:15
------------------------------------------
登入時間:  2020-11-26 12:59:40
登入時間:  2020-11-26 13:09:40
登入時間:  2020-11-26 13:13:37
登出時間:  2020-11-26 13:13:46
------------------------------------------
登入時間:  2020-11-26 13:51:17
登出時間:  2020-11-26 13:58:47
------------------------------------------
登入時間:  2020-12-15 00:21:20
登出時間:  2020-12-15 00:23:23
------------------------------------------
登入時間:  2020-12-15 00:31:04
登出時間:  2020-12-15 00:33:10
------------------------------------------
登入時間:  2020-12-15 10:02:21
登出時間:  2020-12-15 10:04:21
------------------------------------------
登入時間:  2020-12-15 14:54:21
登出時間:  2020-12-15 15:04:18
------------------------------------------
登入時間:  2020-12-22 15:25:55
登入時間:  2020-12-22 15:27:58
登出時間:  2020-12-22 15:33:40
------------------------------------------
登入時間:  2021-01-03 23:25:11
登出時間:  2021-01-03 23:37:11
------------------------------------------
登入時間:  2021-01-05 09:02:49
登入時間:  2021-01-05 09:10:26
登入時間:  2021-01-05 09:11:08
登出時間:  2021-01-05 09:11:24
------------------------------------------
登入時間:  2021-01-05 09:39:21
登出時間:  2021-01-05 09:39:33
------------------------------------------
登入時間:  2021-01-05 09:39:57
登入時間:  2021-01-05 09:41:36
登出時間:  2021-01-05 09:41:57
------------------------------------------
登入時間:  2021-01-05 09:44:15
登出時間:  2021-01-05 09:45:10
------------------------------------------
登入時間:  2021-01-05 09:45:20
登入時間:  2021-01-05 09:49:29
登入時間:  2021-01-05 09:50:41
登入時間:  2021-01-05 09:52:33
登入時間:  2021-01-05 09:57:16
登入時間:  2021-01-05 09:57:52
登入時間:  2021-01-05 09:58:25
登入時間:  2021-01-05 10:03:07
登入時間:  2021-01-05 10:04:41
登入時間:  2021-01-05 10:05:33
登入時間:  2021-01-05 10:13:17
登入時間:  2021-01-05 10:14:43
登入時間:  2021-01-05 10:16:43
登出時間:  2021-01-05 10:22:54
------------------------------------------
登入時間:  2021-01-05 10:23:25
登出時間:  2021-01-05 10:23:34
------------------------------------------
登入時間:  2021-01-05 10:23:40
登入時間:  2021-01-05 10:23:52
登入時間:  2021-01-05 10:24:06
登出時間:  2021-01-05 10:31:33
------------------------------------------
登入時間:  2021-01-05 13:19:57
登出時間:  2021-01-05 13:37:15
------------------------------------------
登入時間:  2021-01-05 13:37:43
登入時間:  2021-01-05 13:41:54
登入時間:  2021-01-05 13:42:56
登入時間:  2021-01-05 13:47:26
登出時間:  2021-01-05 13:51:33
------------------------------------------
登入時間:  2021-01-05 13:51:39
登出時間:  2021-01-05 13:52:29
------------------------------------------
登入時間:  2021-01-05 13:52:39
登出時間:  2021-01-05 13:54:07
------------------------------------------
登入時間:  2021-01-05 13:54:13
登出時間:  2021-01-05 13:58:21
------------------------------------------
登入時間:  2021-01-05 13:58:28
登入時間:  2021-01-05 13:59:36
登出時間:  2021-01-05 14:07:47
------------------------------------------
登入時間:  2021-01-05 14:32:10
登出時間:  2021-01-05 14:35:46
------------------------------------------
登入時間:  2021-01-05 14:35:52
登出時間:  2021-01-05 14:37:29
------------------------------------------
登入時間:  2021-01-05 14:37:36
登出時間:  2021-01-05 14:39:04
------------------------------------------
登入時間:  2021-01-05 14:39:22
登出時間:  2021-01-05 14:40:34
------------------------------------------
登入時間:  2021-01-05 15:23:30
登入時間:  2021-01-05 15:26:39
登入時間:  2021-01-05 15:27:40
登出時間:  2021-01-05 15:28:06
------------------------------------------
登入時間:  2021-01-05 22:36:09
登出時間:  2021-01-05 22:44:13
------------------------------------------
登入時間:  2021-01-05 22:51:58
登出時間:  2021-01-05 22:59:05
------------------------------------------
登入時間:  2021-01-05 22:59:13
登出時間:  2021-01-05 23:01:38
------------------------------------------
登入時間:  2021-01-05 23:01:43
登出時間:  2021-01-05 23:12:52
------------------------------------------
登入時間:  2021-01-05 23:19:10
登出時間:  2021-01-05 23:23:38
------------------------------------------
登入時間:  2021-01-05 23:23:46
登出時間:  2021-01-05 23:28:29
------------------------------------------
登入時間:  2021-01-05 23:28:41
登出時間:  2021-01-05 23:37:15
------------------------------------------
登入時間:  2021-01-05 23:53:19
登出時間:  2021-01-05 23:55:45
------------------------------------------
登入時間:  2021-01-05 23:55:50
登出時間:  2021-01-05 23:59:27
------------------------------------------
登入時間:  2021-01-05 23:59:33
登出時間:  2021-01-06 00:06:36
------------------------------------------
登入時間:  2021-01-06 00:06:41
登出時間:  2021-01-06 00:09:05
------------------------------------------
登入時間:  2021-01-06 00:09:12
登出時間:  2021-01-06 00:14:58
------------------------------------------
登入時間:  2021-01-06 00:15:07
登出時間:  2021-01-06 00:16:46
------------------------------------------
登入時間:  2021-01-06 00:17:02
登出時間:  2021-01-06 00:20:47
------------------------------------------
登入時間:  2021-01-06 00:22:16
登入時間:  2021-01-06 00:27:33
登出時間:  2021-01-06 00:28:17
------------------------------------------
登入時間:  2021-01-06 00:34:18
登出時間:  2021-01-06 00:35:12
------------------------------------------
登入時間:  2021-01-06 00:38:17
登出時間:  2021-01-06 00:40:37
------------------------------------------
登入時間:  2021-01-06 01:18:18
登出時間:  2021-01-06 01:21:26
------------------------------------------
登入時間:  2021-01-06 15:24:40
登出時間:  2021-01-06 15:26:07
------------------------------------------
登入時間:  2021-01-06 15:27:35
登出時間:  2021-01-06 15:29:31
------------------------------------------
登入時間:  2021-01-06 15:29:54
登出時間:  2021-01-06 15:31:24
------------------------------------------
登入時間:  2021-01-06 15:31:29
登出時間:  2021-01-06 15:34:52
------------------------------------------
登入時間:  2021-01-06 15:34:57
登出時間:  2021-01-06 15:36:22
------------------------------------------
登入時間:  2021-01-06 15:36:27
登出時間:  2021-01-06 15:45:31
------------------------------------------
登入時間:  2021-01-06 15:48:17
登出時間:  2021-01-06 15:56:14
------------------------------------------
登入時間:  2021-01-06 15:56:19
登入時間:  2021-01-06 15:57:07
登出時間:  2021-01-06 15:59:11
------------------------------------------
登入時間:  2021-01-06 15:59:16
登入時間:  2021-01-06 15:59:56
登出時間:  2021-01-06 16:03:10
------------------------------------------
登入時間:  2021-01-06 16:03:15
登入時間:  2021-01-06 16:05:42
登入時間:  2021-01-06 16:06:11
登出時間:  2021-01-06 16:14:20
------------------------------------------
登入時間:  2021-01-06 16:14:29
登入時間:  2021-01-06 16:17:35
登入時間:  2021-01-06 16:18:02
登入時間:  2021-01-06 16:21:18
登出時間:  2021-01-06 16:23:53
------------------------------------------
登入時間:  2021-01-06 16:23:58
登入時間:  2021-01-06 16:25:45
登出時間:  2021-01-06 16:30:04
------------------------------------------
登入時間:  2021-01-06 16:30:08
登出時間:  2021-01-06 16:32:32
------------------------------------------
登入時間:  2021-01-06 16:32:36
登出時間:  2021-01-06 16:33:53
------------------------------------------
登入時間:  2021-01-06 16:34:02
登出時間:  2021-01-06 16:50:22
------------------------------------------
登入時間:  2021-01-06 16:50:29
登入時間:  2021-01-06 16:51:19
登入時間:  2021-01-06 16:53:42
登入時間:  2021-01-06 17:41:51
登入時間:  2021-01-06 17:47:04
登入時間:  2021-01-06 17:55:38
登入時間:  2021-01-06 18:05:14
登入時間:  2021-01-06 22:39:26
登出時間:  2021-01-06 22:42:39
------------------------------------------
登出時間:  2021-01-06 22:42:43
------------------------------------------
登入時間:  2021-01-06 22:42:50
登出時間:  2021-01-06 22:46:50
------------------------------------------
登入時間:  2021-01-06 22:50:20
登入時間:  2021-01-06 22:56:09
登入時間:  2021-01-06 22:57:23
登入時間:  2021-01-06 23:07:39
登入時間:  2021-01-06 23:08:30
登入時間:  2021-01-06 23:10:37
登入時間:  2021-01-06 23:14:34
登入時間:  2021-01-06 23:18:16
登出時間:  2021-01-06 23:21:34
------------------------------------------
登入時間:  2021-01-06 23:21:43
登入時間:  2021-01-06 23:25:40
登入時間:  2021-01-06 23:32:03
登入時間:  2021-01-06 23:35:29
登入時間:  2021-01-06 23:45:08
登入時間:  2021-01-06 23:49:06
登出時間:  2021-01-06 23:50:16
------------------------------------------
登出時間:  2021-01-06 23:50:18
------------------------------------------
登入時間:  2021-01-06 23:50:29
登出時間:  2021-01-06 23:52:43
------------------------------------------
登入時間:  2021-01-06 23:52:50
登出時間:  2021-01-06 23:53:12
------------------------------------------
登入時間:  2021-01-06 23:55:14
登出時間:  2021-01-06 23:58:13
------------------------------------------
登出時間:  2021-01-06 23:58:14
------------------------------------------
登入時間:  2021-01-06 23:58:28
登出時間:  2021-01-06 23:59:56
------------------------------------------
登入時間:  2021-01-07 00:02:20
登出時間:  2021-01-07 00:06:47
------------------------------------------
登入時間:  2021-01-07 00:06:59
登入時間:  2021-01-07 00:08:15
登入時間:  2021-01-07 00:09:50
登入時間:  2021-01-07 00:10:37
登出時間:  2021-01-07 00:11:40
------------------------------------------
登入時間:  2021-01-07 00:12:37
登入時間:  2021-01-07 00:15:45
登出時間:  2021-01-07 00:18:43
------------------------------------------
登入時間:  2021-01-07 00:19:12
登入時間:  2021-01-07 00:21:48
登出時間:  2021-01-07 00:23:48
------------------------------------------
登入時間:  2021-01-07 00:24:12
登出時間:  2021-01-07 00:25:55
------------------------------------------
登出時間:  2021-01-07 00:25:58
------------------------------------------
登入時間:  2021-01-07 00:26:06
登入時間:  2021-01-07 00:47:07
登入時間:  2021-01-07 00:49:46
登入時間:  2021-01-07 00:54:37
登入時間:  2021-01-07 00:56:29
登入時間:  2021-01-07 00:58:19
登入時間:  2021-01-07 00:59:07
登入時間:  2021-01-07 01:02:50
登入時間:  2021-01-07 01:04:35
登入時間:  2021-01-07 01:05:32
登入時間:  2021-01-07 01:07:48
登入時間:  2021-01-07 01:09:25
登入時間:  2021-01-07 01:11:53
登入時間:  2021-01-07 01:12:55
登入時間:  2021-01-07 01:22:25
登入時間:  2021-01-07 01:26:31
登出時間:  2021-01-07 01:28:23
------------------------------------------
登入時間:  2021-01-07 01:28:34
登出時間:  2021-01-07 01:30:23
------------------------------------------
登入時間:  2021-01-07 01:37:50
登入時間:  2021-01-07 01:40:37
登出時間:  2021-01-07 01:41:47
------------------------------------------
登入時間:  2021-01-07 01:42:41
登出時間:  2021-01-07 01:44:58
------------------------------------------
登入時間:  2021-01-07 01:52:31
登出時間:  2021-01-07 01:53:12
------------------------------------------
登出時間:  2021-01-07 01:53:14
------------------------------------------
登入時間:  2021-01-07 01:53:23
登出時間:  2021-01-07 01:54:05
------------------------------------------
登入時間:  2021-01-07 01:54:27
登出時間:  2021-01-07 01:56:32
------------------------------------------
登入時間:  2021-01-07 08:49:14
登出時間:  2021-01-07 08:53:13
------------------------------------------
登入時間:  2021-01-07 08:54:23
登出時間:  2021-01-07 09:06:26
------------------------------------------
登入時間:  2021-01-07 09:07:06
登出時間:  2021-01-07 09:07:31
------------------------------------------
登入時間:  2021-01-07 09:07:43
登出時間:  2021-01-07 09:07:56
------------------------------------------
登入時間:  2021-01-07 09:08:05
登出時間:  2021-01-07 09:11:08
------------------------------------------
登入時間:  2021-01-07 09:11:16
登入時間:  2021-01-07 09:11:57
登出時間:  2021-01-07 09:14:13
------------------------------------------
登入時間:  2021-01-07 09:14:22
登出時間:  2021-01-07 09:17:24
------------------------------------------
登入時間:  2021-01-07 09:17:30
登出時間:  2021-01-07 09:20:30
------------------------------------------
登入時間:  2021-01-07 09:20:35
登出時間:  2021-01-07 09:21:51
------------------------------------------
登入時間:  2021-01-07 09:21:56
登出時間:  2021-01-07 09:35:16
------------------------------------------
登入時間:  2021-01-07 09:35:24
登出時間:  2021-01-07 09:37:30
------------------------------------------
登入時間:  2021-01-07 09:37:36
登出時間:  2021-01-07 09:46:49
------------------------------------------
登入時間:  2021-01-07 09:46:58
登出時間:  2021-01-07 09:48:17
------------------------------------------
登入時間:  2021-01-07 09:48:32
登出時間:  2021-01-07 09:49:34
------------------------------------------
登入時間:  2021-01-07 09:49:38
登出時間:  2021-01-07 09:50:50
------------------------------------------
登入時間:  2021-01-07 09:50:56
登出時間:  2021-01-07 09:57:46
------------------------------------------
登入時間:  2021-01-07 09:57:55
登出時間:  2021-01-07 09:59:57
------------------------------------------
登入時間:  2021-01-07 10:00:01
登出時間:  2021-01-07 10:01:08
------------------------------------------
登入時間:  2021-01-07 10:01:14
登出時間:  2021-01-07 10:03:16
------------------------------------------
登入時間:  2021-01-07 10:03:21
登出時間:  2021-01-07 10:05:51
------------------------------------------
登入時間:  2021-01-07 10:06:55
登出時間:  2021-01-07 10:09:30
------------------------------------------
登入時間:  2021-01-07 10:09:35
登出時間:  2021-01-07 10:18:00
------------------------------------------
登入時間:  2021-01-07 10:18:05
登入時間:  2021-01-07 10:22:24
登出時間:  2021-01-07 10:24:16
------------------------------------------
登入時間:  2021-01-07 10:24:21
登出時間:  2021-01-07 10:30:09
------------------------------------------
登入時間:  2021-01-07 10:30:14
登出時間:  2021-01-07 10:33:38
------------------------------------------
登入時間:  2021-01-07 10:33:42
登出時間:  2021-01-07 10:37:42
------------------------------------------
登入時間:  2021-01-07 10:37:47
登入時間:  2021-01-07 10:41:06
登出時間:  2021-01-07 10:42:17
------------------------------------------
登入時間:  2021-01-07 10:42:33
登出時間:  2021-01-07 10:50:46
------------------------------------------
登入時間:  2021-01-07 10:50:57
登出時間:  2021-01-07 10:58:11
------------------------------------------
登入時間:  2021-01-07 10:58:44
登出時間:  2021-01-07 11:04:25
------------------------------------------
登入時間:  2021-01-07 11:06:04
登出時間:  2021-01-07 11:17:54
------------------------------------------
登入時間:  2021-01-07 11:17:59
登出時間:  2021-01-07 11:19:05
------------------------------------------
登入時間:  2021-01-07 11:20:28
登出時間:  2021-01-07 11:23:42
------------------------------------------
登入時間:  2021-01-07 11:23:48
登出時間:  2021-01-07 11:29:17
------------------------------------------
登入時間:  2021-01-07 11:29:25
登出時間:  2021-01-07 11:33:39
------------------------------------------
登入時間:  2021-01-07 11:33:48
登出時間:  2021-01-07 11:39:21
------------------------------------------
登入時間:  2021-01-07 11:39:27
登出時間:  2021-01-07 11:40:28
------------------------------------------
登出時間:  2021-01-07 11:40:30
------------------------------------------
登入時間:  2021-01-07 11:40:35
登出時間:  2021-01-07 11:41:55
------------------------------------------
登出時間:  2021-01-07 11:41:56
------------------------------------------
登入時間:  2021-01-07 11:42:04
登出時間:  2021-01-07 11:44:00
------------------------------------------
登入時間:  2021-01-07 11:44:08
登出時間:  2021-01-07 12:40:58
------------------------------------------
登入時間:  2021-01-07 12:41:07
登出時間:  2021-01-07 13:01:53
------------------------------------------
登入時間:  2021-01-07 13:05:40
登出時間:  2021-01-07 13:08:08
------------------------------------------
登入時間:  2021-01-07 13:08:18
登入時間:  2021-01-07 13:10:07
登出時間:  2021-01-07 13:12:09
------------------------------------------
登入時間:  2021-01-07 13:12:27
登出時間:  2021-01-07 13:13:49
------------------------------------------
登入時間:  2021-01-07 13:13:55
登出時間:  2021-01-07 13:17:00
------------------------------------------
登入時間:  2021-01-07 13:18:54
登出時間:  2021-01-07 13:20:06
------------------------------------------
登入時間:  2021-01-07 13:20:15
登出時間:  2021-01-07 13:23:07
------------------------------------------
登入時間:  2021-01-07 13:23:15
登出時間:  2021-01-07 13:25:53
------------------------------------------
登入時間:  2021-01-07 13:26:04
登出時間:  2021-01-07 13:27:09
------------------------------------------
登入時間:  2021-01-07 13:27:14
登入時間:  2021-01-07 13:28:42
登入時間:  2021-01-07 13:29:25
登出時間:  2021-01-07 13:32:53
------------------------------------------
登入時間:  2021-01-07 13:33:00
登出時間:  2021-01-07 13:34:28
------------------------------------------
登入時間:  2021-01-07 13:34:33
登出時間:  2021-01-07 13:37:18
------------------------------------------
登入時間:  2021-01-07 13:37:45
登出時間:  2021-01-07 13:41:53
------------------------------------------
登入時間:  2021-01-07 13:42:24
登出時間:  2021-01-07 13:43:52
------------------------------------------
登入時間:  2021-01-07 13:44:08
登出時間:  2021-01-07 13:47:13
------------------------------------------
登入時間:  2021-01-07 13:47:29
登出時間:  2021-01-07 13:51:02
------------------------------------------
登出時間:  2021-01-07 13:51:04
------------------------------------------
登入時間:  2021-01-07 13:51:12
登出時間:  2021-01-07 13:53:22
------------------------------------------
登入時間:  2021-01-07 13:53:32
登出時間:  2021-01-07 13:54:56
------------------------------------------
登入時間:  2021-01-07 13:55:02
登出時間:  2021-01-07 13:56:29
------------------------------------------
登入時間:  2021-01-07 13:56:37
登出時間:  2021-01-07 13:57:46
------------------------------------------
登出時間:  2021-01-07 13:57:47
------------------------------------------
登入時間:  2021-01-07 13:57:52
登出時間:  2021-01-07 14:09:50
------------------------------------------
登入時間:  2021-01-07 14:09:55
登出時間:  2021-01-07 14:13:14
------------------------------------------
登入時間:  2021-01-07 14:13:23
登入時間:  2021-01-07 14:14:00
登入時間:  2021-01-07 16:06:50
登出時間:  2021-01-07 16:23:20
------------------------------------------
登入時間:  2021-01-07 16:23:28
登入時間:  2021-01-07 16:24:29
登出時間:  2021-01-07 16:25:43
------------------------------------------
登入時間:  2021-01-07 16:25:48
登出時間:  2021-01-07 16:33:41
------------------------------------------
登出時間:  2021-01-07 16:33:43
------------------------------------------
登入時間:  2021-01-07 16:33:52
登出時間:  2021-01-07 16:34:49
------------------------------------------
登入時間:  2021-01-07 16:34:55
登入時間:  2021-01-07 16:35:13
登入時間:  2021-01-07 16:53:22
登入時間:  2021-01-07 16:54:47
登出時間:  2021-01-07 17:09:17
------------------------------------------
登入時間:  2021-01-07 17:09:25
登入時間:  2021-01-07 17:13:43
登出時間:  2021-01-07 17:14:50
------------------------------------------
登入時間:  2021-01-07 22:09:01
登出時間:  2021-01-07 22:27:03
------------------------------------------
登入時間:  2021-01-07 22:28:02
登出時間:  2021-01-07 22:31:32
------------------------------------------
登入時間:  2021-01-07 22:31:39
登入時間:  2021-01-07 22:33:29
登出時間:  2021-01-07 22:38:03
------------------------------------------
登入時間:  2021-01-07 22:38:32
登出時間:  2021-01-07 22:42:09
------------------------------------------
登入時間:  2021-01-07 22:42:17
登出時間:  2021-01-07 23:00:42
------------------------------------------
登入時間:  2021-01-07 23:02:29
登出時間:  2021-01-07 23:15:33
------------------------------------------
登入時間:  2021-01-07 23:15:44
登入時間:  2021-01-07 23:21:15
登出時間:  2021-01-07 23:29:51
------------------------------------------
登入時間:  2021-01-07 23:30:00
登入時間:  2021-01-07 23:31:17
登出時間:  2021-01-07 23:32:11
------------------------------------------
登入時間:  2021-01-07 23:34:06
登出時間:  2021-01-07 23:42:42
------------------------------------------
登出時間:  2021-01-07 23:42:43
------------------------------------------
登入時間:  2021-01-07 23:42:55
登出時間:  2021-01-07 23:44:01
------------------------------------------
登出時間:  2021-01-07 23:44:07
------------------------------------------
登入時間:  2021-01-07 23:44:13
登出時間:  2021-01-07 23:48:55
------------------------------------------
登入時間:  2021-01-07 23:49:08
登入時間:  2021-01-07 23:54:51
登出時間:  2021-01-07 23:57:38
------------------------------------------
登入時間:  2021-01-07 23:57:46
登出時間:  2021-01-08 00:04:53
------------------------------------------
登入時間:  2021-01-08 00:05:08
登出時間:  2021-01-08 00:15:20
------------------------------------------
登入時間:  2021-01-08 00:15:29
登入時間:  2021-01-08 00:16:28
登出時間:  2021-01-08 00:20:36
------------------------------------------
登入時間:  2021-01-08 00:21:12
登入時間:  2021-01-08 00:22:02
登出時間:  2021-01-08 00:23:07
------------------------------------------
登入時間:  2021-01-08 00:23:52
登出時間:  2021-01-08 00:25:42
------------------------------------------
登入時間:  2021-01-08 00:25:49
登出時間:  2021-01-08 00:26:59
------------------------------------------
登入時間:  2021-01-08 00:27:14
登出時間:  2021-01-08 00:30:13
------------------------------------------
登入時間:  2021-01-08 00:30:23
登出時間:  2021-01-08 00:33:23
------------------------------------------
登入時間:  2021-01-08 00:33:32
登出時間:  2021-01-08 00:36:00
------------------------------------------
登入時間:  2021-01-08 00:36:07
登出時間:  2021-01-08 00:37:19
------------------------------------------
登入時間:  2021-01-08 00:37:27
登出時間:  2021-01-08 00:37:44
------------------------------------------
登入時間:  2021-01-08 00:37:48
登出時間:  2021-01-08 00:56:09
------------------------------------------
登出時間:  2021-01-08 00:56:11
------------------------------------------
登入時間:  2021-01-08 00:56:21
登出時間:  2021-01-08 00:57:17
------------------------------------------
登出時間:  2021-01-08 00:57:21
------------------------------------------
登入時間:  2021-01-08 00:57:39
登出時間:  2021-01-08 00:59:34
------------------------------------------
登出時間:  2021-01-08 00:59:36
------------------------------------------
登入時間:  2021-01-08 00:59:44
登出時間:  2021-01-08 01:00:30
------------------------------------------
登出時間:  2021-01-08 01:00:33
------------------------------------------
登入時間:  2021-01-08 01:00:40
登出時間:  2021-01-08 01:17:36
------------------------------------------
登入時間:  2021-01-08 01:17:47
登出時間:  2021-01-08 01:19:39
------------------------------------------
登出時間:  2021-01-08 01:19:40
------------------------------------------
登入時間:  2021-01-08 01:19:49
登出時間:  2021-01-08 01:22:21
------------------------------------------
登入時間:  2021-01-08 01:22:29
登出時間:  2021-01-08 01:30:25
------------------------------------------
登入時間:  2021-01-08 01:30:43
登入時間:  2021-01-08 01:31:34
登出時間:  2021-01-08 01:34:22
------------------------------------------
登出時間:  2021-01-08 01:34:24
------------------------------------------
登入時間:  2021-01-08 01:34:36
登出時間:  2021-01-08 01:36:17
------------------------------------------
登出時間:  2021-01-08 01:36:19
------------------------------------------
登入時間:  2021-01-08 01:36:39
登出時間:  2021-01-08 01:40:25
------------------------------------------
登入時間:  2021-01-08 01:40:45
登入時間:  2021-01-08 01:45:21
登出時間:  2021-01-08 01:50:54
------------------------------------------
登入時間:  2021-01-08 01:51:01
登入時間:  2021-01-08 01:52:54
登出時間:  2021-01-08 01:57:11
------------------------------------------
登入時間:  2021-01-08 09:03:46
登出時間:  2021-01-08 09:24:18
------------------------------------------
登入時間:  2021-01-08 09:41:30
登出時間:  2021-01-08 09:46:24
------------------------------------------
登入時間:  2021-01-08 09:46:30
登入時間:  2021-01-08 09:47:24
登入時間:  2021-01-08 09:47:55
登入時間:  2021-01-08 09:48:47
登出時間:  2021-01-08 09:53:06
------------------------------------------
登入時間:  2021-01-08 09:53:13
登出時間:  2021-01-08 09:57:40
------------------------------------------
登入時間:  2021-01-08 09:57:47
登出時間:  2021-01-08 10:01:43
------------------------------------------
登入時間:  2021-01-08 10:01:53
登入時間:  2021-01-08 10:04:03
登出時間:  2021-01-08 10:06:34
------------------------------------------
登入時間:  2021-01-08 10:06:41
登出時間:  2021-01-08 10:07:47
------------------------------------------
登入時間:  2021-01-08 10:07:53
登出時間:  2021-01-08 10:11:31
------------------------------------------
登入時間:  2021-01-08 10:11:37
登出時間:  2021-01-08 10:12:54
------------------------------------------
登入時間:  2021-01-08 10:13:05
登出時間:  2021-01-08 10:14:39
------------------------------------------
登入時間:  2021-01-08 10:14:45
登出時間:  2021-01-08 10:15:12
------------------------------------------
登入時間:  2021-01-08 10:15:18
登出時間:  2021-01-08 10:18:03
------------------------------------------
登入時間:  2021-01-08 10:21:05
登出時間:  2021-01-08 10:24:34
------------------------------------------
登入時間:  2021-01-08 10:24:42
登出時間:  2021-01-08 10:26:20
------------------------------------------
登入時間:  2021-01-08 10:26:28
登出時間:  2021-01-08 10:29:28
------------------------------------------
登入時間:  2021-01-08 10:29:34
登出時間:  2021-01-08 10:32:27
------------------------------------------
登入時間:  2021-01-08 10:32:35
登出時間:  2021-01-08 10:33:42
------------------------------------------
登入時間:  2021-01-08 10:33:51
登出時間:  2021-01-08 10:35:33
------------------------------------------
登入時間:  2021-01-08 10:35:50
登出時間:  2021-01-08 10:42:33
------------------------------------------
登入時間:  2021-01-08 10:42:40
登出時間:  2021-01-08 10:43:57
------------------------------------------
登入時間:  2021-01-08 10:44:05
登出時間:  2021-01-08 10:45:59
------------------------------------------
登入時間:  2021-01-08 10:46:06
登出時間:  2021-01-08 10:47:13
------------------------------------------
登入時間:  2021-01-08 10:47:19
登出時間:  2021-01-08 10:50:40
------------------------------------------
登入時間:  2021-01-08 10:50:46
登出時間:  2021-01-08 10:54:22
------------------------------------------
登入時間:  2021-01-08 10:54:39
登出時間:  2021-01-08 10:57:35
------------------------------------------
登入時間:  2021-01-08 10:57:54
登出時間:  2021-01-08 11:01:04
------------------------------------------
登入時間:  2021-01-08 11:01:24
登出時間:  2021-01-08 11:04:49
------------------------------------------
登入時間:  2021-01-08 11:05:06
登出時間:  2021-01-08 11:06:13
------------------------------------------
登入時間:  2021-01-08 11:08:16
登出時間:  2021-01-08 11:09:22
------------------------------------------
登入時間:  2021-01-08 11:09:40
登入時間:  2021-01-08 11:10:32
登出時間:  2021-01-08 11:11:28
------------------------------------------
登入時間:  2021-01-08 11:11:37
登出時間:  2021-01-08 11:12:37
------------------------------------------
登入時間:  2021-01-08 11:34:38
登出時間:  2021-01-08 12:51:29
------------------------------------------
登入時間:  2021-01-08 12:51:48
登出時間:  2021-01-08 12:57:24
------------------------------------------
登入時間:  2021-01-08 12:57:42
登出時間:  2021-01-08 13:00:11
------------------------------------------
登入時間:  2021-01-08 13:00:27
登出時間:  2021-01-08 13:03:23
------------------------------------------
登入時間:  2021-01-08 13:03:31
登出時間:  2021-01-08 13:08:58
------------------------------------------
登入時間:  2021-01-08 13:09:05
登出時間:  2021-01-08 13:10:50
------------------------------------------
登入時間:  2021-01-08 13:10:55
登出時間:  2021-01-08 13:17:40
------------------------------------------
登入時間:  2021-01-08 13:18:44
登出時間:  2021-01-08 13:21:42
------------------------------------------
登出時間:  2021-01-08 13:21:43
------------------------------------------
登入時間:  2021-01-08 13:21:48
登出時間:  2021-01-08 13:26:09
------------------------------------------
登入時間:  2021-01-08 13:27:08
登出時間:  2021-01-08 13:33:50
------------------------------------------
登入時間:  2021-01-08 13:33:59
登出時間:  2021-01-08 13:35:47
------------------------------------------
登入時間:  2021-01-08 13:35:54
登入時間:  2021-01-08 13:43:22
登出時間:  2021-01-08 13:46:41
------------------------------------------
登出時間:  2021-01-08 13:46:43
------------------------------------------
登入時間:  2021-01-08 13:47:08
登入時間:  2021-01-08 13:48:07
登入時間:  2021-01-08 13:50:04
登入時間:  2021-01-08 17:48:36
登入時間:  2021-01-08 17:50:01
登出時間:  2021-01-08 17:52:44
------------------------------------------
登入時間:  2021-01-08 17:59:36
登入時間:  2021-01-08 18:11:19
登出時間:  2021-01-08 18:13:44
------------------------------------------
登入時間:  2021-01-08 21:22:07
登出時間:  2021-01-08 21:40:01
------------------------------------------
登入時間:  2021-01-08 21:40:08
登出時間:  2021-01-08 21:41:20
------------------------------------------
登入時間:  2021-01-08 21:41:29
登出時間:  2021-01-08 21:48:09
------------------------------------------
登入時間:  2021-01-08 21:48:18
登出時間:  2021-01-08 21:50:34
------------------------------------------
登入時間:  2021-01-08 21:50:39
登出時間:  2021-01-08 21:54:14
------------------------------------------
登入時間:  2021-01-08 21:54:18
登出時間:  2021-01-08 22:55:52
------------------------------------------
登入時間:  2021-01-08 22:56:07
登出時間:  2021-01-08 23:06:57
------------------------------------------
登入時間:  2021-01-08 23:07:19
登出時間:  2021-01-08 23:10:42
------------------------------------------
登入時間:  2021-01-08 23:10:51
登出時間:  2021-01-08 23:12:16
------------------------------------------
登入時間:  2021-01-08 23:12:22
登出時間:  2021-01-08 23:13:17
------------------------------------------
登入時間:  2021-01-08 23:13:23
登出時間:  2021-01-08 23:14:05
------------------------------------------
登入時間:  2021-01-08 23:14:10
登出時間:  2021-01-08 23:14:47
------------------------------------------
登入時間:  2021-01-08 23:14:56
登出時間:  2021-01-08 23:16:09
------------------------------------------
登入時間:  2021-01-08 23:16:14
登出時間:  2021-01-08 23:17:05
------------------------------------------
登入時間:  2021-01-08 23:17:16
登出時間:  2021-01-08 23:20:02
------------------------------------------
登入時間:  2021-01-08 23:22:05
登出時間:  2021-01-08 23:23:06
------------------------------------------
登入時間:  2021-01-08 23:23:12
登出時間:  2021-01-08 23:29:52
------------------------------------------
登入時間:  2021-01-08 23:30:02
登出時間:  2021-01-08 23:33:05
------------------------------------------
登入時間:  2021-01-08 23:33:10
登出時間:  2021-01-08 23:38:32
------------------------------------------
登入時間:  2021-01-08 23:38:39
登出時間:  2021-01-08 23:41:08
------------------------------------------
登入時間:  2021-01-08 23:41:13
登出時間:  2021-01-08 23:42:29
------------------------------------------
登入時間:  2021-01-08 23:42:35
登出時間:  2021-01-08 23:53:34
------------------------------------------
登入時間:  2021-01-08 23:53:48
登入時間:  2021-01-08 23:54:11
登入時間:  2021-01-08 23:55:03
登出時間:  2021-01-08 23:58:44
------------------------------------------
登入時間:  2021-01-08 23:58:53
登出時間:  2021-01-09 00:02:42
------------------------------------------
登入時間:  2021-01-09 00:02:48
登出時間:  2021-01-09 00:04:54
------------------------------------------
登入時間:  2021-01-09 00:05:01
登出時間:  2021-01-09 00:05:43
------------------------------------------
登入時間:  2021-01-09 00:05:50
登出時間:  2021-01-09 00:06:21
------------------------------------------
登入時間:  2021-01-09 00:06:28
登出時間:  2021-01-09 00:06:52
------------------------------------------
登入時間:  2021-01-09 00:06:59
登出時間:  2021-01-09 00:07:22
------------------------------------------
登入時間:  2021-01-09 00:07:28
登出時間:  2021-01-09 00:08:38
------------------------------------------
登入時間:  2021-01-09 00:08:47
登出時間:  2021-01-09 00:10:02
------------------------------------------
登入時間:  2021-01-09 00:10:08
登出時間:  2021-01-09 00:11:11
------------------------------------------
登入時間:  2021-01-09 00:11:17
登出時間:  2021-01-09 00:11:48
------------------------------------------
登入時間:  2021-01-09 00:11:54
登出時間:  2021-01-09 00:13:24
------------------------------------------
登入時間:  2021-01-09 00:13:30
登出時間:  2021-01-09 00:18:44
------------------------------------------
登入時間:  2021-01-09 00:18:55
登出時間:  2021-01-09 00:26:23
------------------------------------------
登入時間:  2021-01-09 00:26:33
登出時間:  2021-01-09 00:28:02
------------------------------------------
登入時間:  2021-01-09 00:28:10
登出時間:  2021-01-09 00:35:39
------------------------------------------
登入時間:  2021-01-09 00:35:45
登出時間:  2021-01-09 00:38:42
------------------------------------------
登入時間:  2021-01-09 00:38:47
登出時間:  2021-01-09 00:39:40
------------------------------------------
登入時間:  2021-01-09 00:41:15
登出時間:  2021-01-09 00:42:15
------------------------------------------
登入時間:  2021-01-09 00:42:20
登入時間:  2021-01-09 00:43:44
登入時間:  2021-01-09 00:44:22
登出時間:  2021-01-09 00:46:25
------------------------------------------
登入時間:  2021-01-09 00:46:33
登出時間:  2021-01-09 00:50:17
------------------------------------------
登入時間:  2021-01-09 00:50:24
登入時間:  2021-01-09 00:51:08
登出時間:  2021-01-09 00:52:12
------------------------------------------
登入時間:  2021-01-09 00:52:19
登出時間:  2021-01-09 00:54:05
------------------------------------------
登入時間:  2021-01-09 00:54:12
登出時間:  2021-01-09 01:00:18
------------------------------------------
登入時間:  2021-01-09 01:00:24
登出時間:  2021-01-09 01:01:53
------------------------------------------
登入時間:  2021-01-09 01:01:58
登入時間:  2021-01-09 01:02:39
登入時間:  2021-01-09 01:03:52
登出時間:  2021-01-09 01:06:26
------------------------------------------
登入時間:  2021-01-09 01:06:34
登出時間:  2021-01-09 01:06:55
------------------------------------------
登入時間:  2021-01-11 09:14:49
登出時間:  2021-01-11 09:22:13
------------------------------------------
登入時間:  2021-01-11 09:22:17
登出時間:  2021-01-11 09:23:14
------------------------------------------
登入時間:  2021-01-11 09:23:19
登出時間:  2021-01-11 12:16:17
------------------------------------------
登入時間:  2021-01-12 10:28:25
登出時間:  2021-01-12 12:36:54
------------------------------------------
登入時間:  2021-01-12 15:57:11
登出時間:  2021-01-12 16:21:32
------------------------------------------
登入時間:  2021-01-12 16:21:41
登出時間:  2021-01-12 16:53:47
------------------------------------------
登入時間:  2021-01-12 16:54:04
登出時間:  2021-01-12 16:55:00
------------------------------------------
登入時間:  2021-01-12 16:55:07
登出時間:  2021-01-12 16:57:00
------------------------------------------
登入時間:  2021-01-12 16:57:09
登出時間:  2021-01-12 17:00:48
------------------------------------------
登入時間:  2021-01-12 17:00:54
登出時間:  2021-01-12 17:04:12
------------------------------------------
登入時間:  2021-01-12 17:04:20
登入時間:  2021-01-12 17:07:26
登入時間:  2021-01-12 17:08:18
登出時間:  2021-01-12 17:09:38
------------------------------------------
登入時間:  2021-01-12 17:09:43
登出時間:  2021-01-12 17:16:35
------------------------------------------
登入時間:  2021-01-12 17:16:42
登出時間:  2021-01-12 17:21:59
------------------------------------------
登入時間:  2021-01-12 17:22:32
登出時間:  2021-01-12 17:23:25
------------------------------------------
登入時間:  2021-01-12 17:23:31
登出時間:  2021-01-12 17:27:31
------------------------------------------
登入時間:  2021-01-12 17:27:38
登出時間:  2021-01-12 17:29:34
------------------------------------------
登入時間:  2021-01-12 17:29:42
登出時間:  2021-01-12 17:34:36
------------------------------------------
登入時間:  2021-01-12 17:35:06
登出時間:  2021-01-12 17:41:27
------------------------------------------
登入時間:  2021-01-12 17:41:33
登入時間:  2021-01-12 17:42:40
登入時間:  2021-01-12 17:46:12
登入時間:  2021-01-12 17:47:05
登出時間:  2021-01-12 17:51:12
------------------------------------------
登入時間:  2021-01-12 17:51:24
登入時間:  2021-01-12 17:54:52
登出時間:  2021-01-12 17:56:35
------------------------------------------
登入時間:  2021-01-12 17:56:41
登出時間:  2021-01-12 17:57:32
------------------------------------------
登入時間:  2021-01-12 21:00:52
登出時間:  2021-01-12 21:48:18
------------------------------------------
登入時間:  2021-01-12 21:49:25
登出時間:  2021-01-12 21:52:32
------------------------------------------
登入時間:  2021-01-12 21:52:44
登出時間:  2021-01-12 21:54:10
------------------------------------------
登入時間:  2021-01-12 21:54:17
登出時間:  2021-01-12 21:56:32
------------------------------------------
登入時間:  2021-01-12 21:56:42
登出時間:  2021-01-12 22:00:20
------------------------------------------
登入時間:  2021-01-12 22:01:06
登出時間:  2021-01-12 22:03:39
------------------------------------------
登入時間:  2021-01-12 22:03:52
登出時間:  2021-01-12 22:08:54
------------------------------------------
登入時間:  2021-01-12 22:09:03
登出時間:  2021-01-12 22:14:57
------------------------------------------
登入時間:  2021-01-12 22:15:01
登出時間:  2021-01-12 22:16:31
------------------------------------------
登入時間:  2021-01-12 22:16:36
登出時間:  2021-01-12 22:32:20
------------------------------------------
登入時間:  2021-01-12 22:32:30
登入時間:  2021-01-12 22:33:35
登入時間:  2021-01-12 22:34:24
登出時間:  2021-01-12 22:35:23
------------------------------------------
登入時間:  2021-01-12 22:35:37
登入時間:  2021-01-12 22:37:31
登出時間:  2021-01-12 22:38:58
------------------------------------------
登入時間:  2021-01-12 22:39:06
登出時間:  2021-01-12 22:39:57
------------------------------------------
登入時間:  2021-01-12 22:42:00
登出時間:  2021-01-12 22:47:35
------------------------------------------
登入時間:  2021-01-12 22:48:00
登出時間:  2021-01-12 22:51:13
------------------------------------------
登入時間:  2021-01-12 22:51:21
登出時間:  2021-01-12 22:52:38
------------------------------------------
登入時間:  2021-01-12 22:53:41
登出時間:  2021-01-12 23:10:05
------------------------------------------
登入時間:  2021-01-12 23:15:12
登入時間:  2021-01-12 23:16:01
登出時間:  2021-01-12 23:29:28
------------------------------------------
登入時間:  2021-01-12 23:29:54
登出時間:  2021-01-13 00:04:53
------------------------------------------
登入時間:  2021-01-13 22:08:30
登出時間:  2021-01-13 22:28:36
------------------------------------------
登出時間:  2021-01-13 22:28:39
------------------------------------------
登入時間:  2021-01-13 22:32:03
登入時間:  2021-01-13 22:33:02
登入時間:  2021-01-13 22:34:09
登出時間:  2021-01-13 22:42:34
------------------------------------------
登入時間:  2021-01-13 22:42:57
登出時間:  2021-01-13 22:58:26
------------------------------------------
登入時間:  2021-01-13 22:58:35
登入時間:  2021-01-13 22:59:25
登出時間:  2021-01-13 23:01:50
------------------------------------------
登入時間:  2021-01-13 23:01:56
登出時間:  2021-01-13 23:03:24
------------------------------------------
登入時間:  2021-01-13 23:03:31
登出時間:  2021-01-13 23:07:05
------------------------------------------
登入時間:  2021-01-13 23:07:14
登出時間:  2021-01-13 23:09:54
------------------------------------------
登入時間:  2021-01-13 23:10:12
登出時間:  2021-01-13 23:11:27
------------------------------------------
登入時間:  2021-01-13 23:11:32
登出時間:  2021-01-13 23:11:54
------------------------------------------
登入時間:  2021-01-13 23:12:01
登出時間:  2021-01-13 23:13:06
------------------------------------------
登入時間:  2021-01-13 23:13:11
登出時間:  2021-01-13 23:15:55
------------------------------------------
登入時間:  2021-01-13 23:16:01
登出時間:  2021-01-13 23:21:23
------------------------------------------
登入時間:  2021-01-13 23:21:29
登入時間:  2021-01-13 23:21:58
登出時間:  2021-01-13 23:23:20
------------------------------------------
登入時間:  2021-01-13 23:23:26
登出時間:  2021-01-13 23:24:53
------------------------------------------
登入時間:  2021-01-13 23:25:13
登出時間:  2021-01-13 23:29:35
------------------------------------------
登入時間:  2021-01-13 23:29:41
登出時間:  2021-01-13 23:30:41
------------------------------------------
登入時間:  2021-01-13 23:30:46
登出時間:  2021-01-13 23:37:21
------------------------------------------
登入時間:  2021-01-13 23:37:27
登出時間:  2021-01-13 23:38:51
------------------------------------------
登入時間:  2021-01-13 23:38:57
登出時間:  2021-01-13 23:43:02
------------------------------------------
登入時間:  2021-01-13 23:43:09
登出時間:  2021-01-13 23:45:58
------------------------------------------
登入時間:  2021-01-13 23:46:02
登出時間:  2021-01-13 23:47:12
------------------------------------------
登入時間:  2021-01-13 23:47:17
登出時間:  2021-01-13 23:48:38
------------------------------------------
登入時間:  2021-01-13 23:48:45
登出時間:  2021-01-13 23:49:12
------------------------------------------
登入時間:  2021-01-14 00:14:28
登入時間:  2021-01-14 00:21:00
登入時間:  2021-01-14 00:21:39
登入時間:  2021-01-14 00:31:24
登出時間:  2021-01-14 00:33:34
------------------------------------------
登入時間:  2021-01-14 00:33:44
登出時間:  2021-01-14 00:40:58
------------------------------------------
登入時間:  2021-01-14 00:41:06
登出時間:  2021-01-14 00:45:32
------------------------------------------
登入時間:  2021-01-14 00:45:37
登出時間:  2021-01-14 00:47:18
------------------------------------------
登入時間:  2021-01-14 12:44:53
登出時間:  2021-01-14 15:01:24
------------------------------------------
登入時間:  2021-01-15 00:12:15
登出時間:  2021-01-15 00:15:25
------------------------------------------
登入時間:  2021-01-15 00:15:42
登出時間:  2021-01-15 00:18:17
------------------------------------------
登入時間:  2021-01-15 00:18:28
登出時間:  2021-01-15 00:20:19
------------------------------------------
登入時間:  2021-01-15 00:20:27
登出時間:  2021-01-15 00:21:23
------------------------------------------
登入時間:  2021-01-15 00:21:30
登入時間:  2021-01-15 00:22:02
登入時間:  2021-01-15 00:31:15
登入時間:  2021-01-15 00:32:31
登入時間:  2021-01-15 00:32:49
登出時間:  2021-01-15 00:35:04
------------------------------------------
登出時間:  2021-01-15 00:35:08
------------------------------------------
登入時間:  2021-01-15 00:35:16
登出時間:  2021-01-15 00:37:41
------------------------------------------
登入時間:  2021-01-15 00:37:46
登入時間:  2021-01-15 00:44:44
登出時間:  2021-01-15 00:47:14
------------------------------------------
登入時間:  2021-01-15 17:11:06
登出時間:  2021-01-15 18:11:07
------------------------------------------
登入時間:  2021-01-17 00:01:48
登出時間:  2021-01-17 00:11:47
------------------------------------------
登出時間:  2021-01-17 00:11:49
------------------------------------------
登入時間:  2021-01-17 00:11:55
登出時間:  2021-01-17 00:14:46
------------------------------------------
登出時間:  2021-01-17 00:14:48
------------------------------------------
登入時間:  2021-01-17 00:14:53
登出時間:  2021-01-17 00:22:33
------------------------------------------
登出時間:  2021-01-17 00:22:36
------------------------------------------
登入時間:  2021-01-17 00:22:45
登出時間:  2021-01-17 00:23:28
------------------------------------------
登出時間:  2021-01-17 00:23:30
------------------------------------------
登入時間:  2021-01-17 00:23:37
登出時間:  2021-01-17 00:25:55
------------------------------------------
登入時間:  2021-01-17 00:26:00
登出時間:  2021-01-17 00:27:17
------------------------------------------
登入時間:  2021-01-17 00:27:26
登出時間:  2021-01-17 00:29:10
------------------------------------------
登入時間:  2021-01-17 00:29:15
登出時間:  2021-01-17 00:30:56
------------------------------------------
登入時間:  2021-01-17 00:31:04
登出時間:  2021-01-17 00:32:31
------------------------------------------
登入時間:  2021-01-17 00:32:36
登入時間:  2021-01-17 00:33:58
登出時間:  2021-01-17 00:36:16
------------------------------------------
登入時間:  2021-01-17 00:36:21
登入時間:  2021-01-17 00:38:38
登出時間:  2021-01-17 00:40:49
------------------------------------------
登入時間:  2021-01-17 00:40:55
登出時間:  2021-01-17 00:47:20
------------------------------------------
登入時間:  2021-01-17 00:47:26
登出時間:  2021-01-17 00:48:56
------------------------------------------
登出時間:  2021-01-17 00:48:58
------------------------------------------
登入時間:  2021-01-17 00:49:02
登出時間:  2021-01-17 00:51:42
------------------------------------------
登出時間:  2021-01-17 00:51:44
------------------------------------------
登入時間:  2021-01-17 00:51:52
登出時間:  2021-01-17 00:55:29
------------------------------------------
登入時間:  2021-01-17 00:55:36
登出時間:  2021-01-17 00:59:56
------------------------------------------
登入時間:  2021-01-17 01:00:02
登出時間:  2021-01-17 01:04:29
------------------------------------------
登出時間:  2021-01-17 01:04:31
------------------------------------------
登入時間:  2021-01-17 01:04:47
登出時間:  2021-01-17 01:07:37
------------------------------------------
登入時間:  2021-01-17 01:07:44
登出時間:  2021-01-17 01:10:43
------------------------------------------
登出時間:  2021-01-17 01:10:45
------------------------------------------
登入時間:  2021-01-17 01:10:54
登出時間:  2021-01-17 01:12:30
------------------------------------------
登入時間:  2021-01-17 01:12:35
登出時間:  2021-01-17 01:13:17
------------------------------------------
登入時間:  2021-01-17 17:27:07
登出時間:  2021-01-17 20:53:36
------------------------------------------
登入時間:  2021-01-17 20:54:32
登入時間:  2021-01-17 21:14:46
登出時間:  2021-01-17 21:47:43
------------------------------------------
登入時間:  2021-01-17 21:47:50
登入時間:  2021-01-17 21:54:47
登入時間:  2021-01-17 21:55:30
登出時間:  2021-01-17 22:04:14
------------------------------------------
登入時間:  2021-01-17 22:04:20
登出時間:  2021-01-17 22:06:37
------------------------------------------
登入時間:  2021-01-17 22:06:43
登出時間:  2021-01-17 22:13:07
------------------------------------------
登入時間:  2021-01-17 22:13:16
登出時間:  2021-01-17 22:16:43
------------------------------------------
登入時間:  2021-01-17 22:16:52
登入時間:  2021-01-17 22:18:45
登出時間:  2021-01-17 22:24:18
------------------------------------------
登入時間:  2021-01-17 22:24:25
登出時間:  2021-01-17 22:25:14
------------------------------------------
登入時間:  2021-01-17 22:25:20
登出時間:  2021-01-17 22:26:38
------------------------------------------
登入時間:  2021-01-17 22:26:45
登出時間:  2021-01-17 22:27:58
------------------------------------------
登入時間:  2021-01-17 22:28:06
登出時間:  2021-01-17 22:32:14
------------------------------------------
登入時間:  2021-01-17 22:32:20
登出時間:  2021-01-17 22:35:17
------------------------------------------
登入時間:  2021-01-17 22:35:24
登入時間:  2021-01-17 22:36:16
登出時間:  2021-01-17 22:42:54
------------------------------------------
登入時間:  2021-01-17 22:43:03
登出時間:  2021-01-17 22:55:48
------------------------------------------
登入時間:  2021-01-17 22:55:56
登出時間:  2021-01-17 23:16:06
------------------------------------------
登入時間:  2021-01-17 23:16:14
登出時間:  2021-01-17 23:17:01
------------------------------------------
登入時間:  2021-01-17 23:17:08
登出時間:  2021-01-17 23:19:50
------------------------------------------
登入時間:  2021-01-17 23:19:55
登入時間:  2021-01-17 23:20:58
登出時間:  2021-01-17 23:27:06
------------------------------------------
登入時間:  2021-01-17 23:27:16
登出時間:  2021-01-17 23:33:31
------------------------------------------
登入時間:  2021-01-17 23:33:37
登入時間:  2021-01-17 23:34:46
登入時間:  2021-01-17 23:36:23
登出時間:  2021-01-17 23:38:47
------------------------------------------
登入時間:  2021-01-17 23:38:52
登出時間:  2021-01-17 23:42:21
------------------------------------------
登入時間:  2021-01-17 23:42:27
登出時間:  2021-01-17 23:46:12
------------------------------------------
登入時間:  2021-01-17 23:46:28
登出時間:  2021-01-17 23:50:25
------------------------------------------
登入時間:  2021-01-17 23:50:32
登出時間:  2021-01-18 00:06:25
------------------------------------------
登入時間:  2021-01-18 00:06:32
登出時間:  2021-01-18 00:12:04
------------------------------------------
登入時間:  2021-01-18 00:12:10
登出時間:  2021-01-18 00:14:20
------------------------------------------
登入時間:  2021-01-18 00:14:24
登出時間:  2021-01-18 00:25:27
------------------------------------------
登入時間:  2021-01-18 00:25:36
登出時間:  2021-01-18 00:27:58
------------------------------------------
登入時間:  2021-01-18 00:28:05
登出時間:  2021-01-18 00:32:51
------------------------------------------
登入時間:  2021-01-18 00:32:57
登出時間:  2021-01-18 00:34:35
------------------------------------------
登入時間:  2021-01-18 00:34:41
登出時間:  2021-01-18 00:37:27
------------------------------------------
登入時間:  2021-01-18 00:37:35
登入時間:  2021-01-18 00:38:39
登出時間:  2021-01-18 00:45:08
------------------------------------------
登入時間:  2021-01-18 00:45:15
登出時間:  2021-01-18 00:46:46
------------------------------------------
登入時間:  2021-01-18 00:46:51
登出時間:  2021-01-18 00:50:56
------------------------------------------
登入時間:  2021-01-18 00:51:03
登出時間:  2021-01-18 00:58:59
------------------------------------------
登入時間:  2021-01-18 00:59:06
登出時間:  2021-01-18 00:59:48
------------------------------------------
登入時間:  2021-01-18 01:00:01
登出時間:  2021-01-18 01:01:32
------------------------------------------
登入時間:  2021-01-18 01:01:38
登出時間:  2021-01-18 01:08:02
------------------------------------------
登入時間:  2021-01-18 01:08:10
登出時間:  2021-01-18 01:11:52
------------------------------------------
登入時間:  2021-01-18 01:11:59
登入時間:  2021-01-18 01:12:14
登出時間:  2021-01-18 01:19:54
------------------------------------------
登入時間:  2021-01-18 01:21:19
登出時間:  2021-01-18 01:24:57
------------------------------------------
登入時間:  2021-01-18 01:25:15
登出時間:  2021-01-18 01:26:30
------------------------------------------
登入時間:  2021-01-18 01:26:38
登出時間:  2021-01-18 01:29:13
------------------------------------------
登入時間:  2021-01-18 01:29:20
登出時間:  2021-01-18 01:31:00
------------------------------------------
登入時間:  2021-01-18 01:31:06
登出時間:  2021-01-18 01:34:28
------------------------------------------
登入時間:  2021-01-18 01:34:33
登出時間:  2021-01-18 01:46:30
------------------------------------------
登入時間:  2021-01-18 01:46:36
登出時間:  2021-01-18 01:53:22
------------------------------------------
登入時間:  2021-01-18 01:53:56
登出時間:  2021-01-18 01:55:48
------------------------------------------
登入時間:  2021-01-18 01:55:54
登出時間:  2021-01-18 02:04:19
------------------------------------------
登入時間:  2021-01-18 02:04:25
登出時間:  2021-01-18 02:11:44
------------------------------------------
登入時間:  2021-01-18 02:11:51
登出時間:  2021-01-18 02:14:06
------------------------------------------
登入時間:  2021-01-18 02:14:35
登出時間:  2021-01-18 02:21:14
------------------------------------------
登入時間:  2021-01-18 02:21:20
登出時間:  2021-01-18 02:34:40
------------------------------------------
登入時間:  2021-01-18 02:34:59
登出時間:  2021-01-18 02:38:47
------------------------------------------
登入時間:  2021-01-18 02:38:53
登出時間:  2021-01-18 02:41:02
------------------------------------------
登入時間:  2021-01-18 02:41:11
登出時間:  2021-01-18 02:42:56
------------------------------------------
登入時間:  2021-01-18 02:43:04
登出時間:  2021-01-18 02:48:22
------------------------------------------
登入時間:  2021-01-18 02:48:28
登出時間:  2021-01-18 02:51:01
------------------------------------------
登入時間:  2021-01-18 02:51:10
登出時間:  2021-01-18 02:52:21
------------------------------------------
登入時間:  2021-01-18 02:52:30
登出時間:  2021-01-18 02:53:29
------------------------------------------
登入時間:  2021-01-18 02:53:35
登出時間:  2021-01-18 02:55:20
------------------------------------------
登入時間:  2021-01-18 02:55:31
登出時間:  2021-01-18 02:59:23
------------------------------------------
登入時間:  2021-01-18 02:59:30
登出時間:  2021-01-18 03:01:36
------------------------------------------
登出時間:  2021-01-18 03:01:38
------------------------------------------
登入時間:  2021-01-18 09:22:30
登出時間:  2021-01-18 12:41:10
------------------------------------------
登入時間:  2021-01-18 12:41:16
登入時間:  2021-01-18 12:41:35
登出時間:  2021-01-18 12:42:20
------------------------------------------
登入時間:  2021-01-18 12:44:14
登出時間:  2021-01-18 12:49:55
------------------------------------------
登入時間:  2021-01-18 12:50:02
登出時間:  2021-01-18 12:53:12
------------------------------------------
登入時間:  2021-01-18 12:53:17
登出時間:  2021-01-18 12:53:39
------------------------------------------
登入時間:  2021-01-18 12:53:44
登出時間:  2021-01-18 12:54:06
------------------------------------------
登入時間:  2021-01-18 12:54:14
登出時間:  2021-01-18 12:56:40
------------------------------------------
登入時間:  2021-01-18 12:56:45
登出時間:  2021-01-18 12:58:04
------------------------------------------
登入時間:  2021-01-18 12:58:09
登出時間:  2021-01-18 13:06:46
------------------------------------------
登入時間:  2021-01-18 13:08:42
登出時間:  2021-01-18 13:37:02
------------------------------------------
登入時間:  2021-01-18 13:59:39
登入時間:  2021-01-18 14:06:59
登出時間:  2021-01-18 14:09:02
------------------------------------------
登入時間:  2021-01-18 14:09:09
登入時間:  2021-01-18 20:27:33
登出時間:  2021-01-18 20:42:53
------------------------------------------
登入時間:  2021-01-18 22:40:59
登出時間:  2021-01-18 22:48:29
------------------------------------------
登入時間:  2021-01-18 22:48:33
登出時間:  2021-01-18 22:51:44
------------------------------------------
登入時間:  2021-01-18 22:51:48
登出時間:  2021-01-18 23:05:46
------------------------------------------
登入時間:  2021-01-18 23:05:56
登出時間:  2021-01-18 23:08:33
------------------------------------------
登入時間:  2021-01-18 23:11:34
登出時間:  2021-01-18 23:27:49
------------------------------------------
登入時間:  2021-01-18 23:28:01
登出時間:  2021-01-18 23:39:44
------------------------------------------
登入時間:  2021-01-18 23:39:55
登出時間:  2021-01-18 23:50:58
------------------------------------------
登入時間:  2021-01-18 23:51:55
登出時間:  2021-01-18 23:55:09
------------------------------------------
登入時間:  2021-01-18 23:55:15
登出時間:  2021-01-18 23:55:48
------------------------------------------
登入時間:  2021-01-18 23:55:55
登出時間:  2021-01-19 00:04:25
------------------------------------------
登入時間:  2021-01-19 00:05:44
登出時間:  2021-01-19 00:07:34
------------------------------------------
登入時間:  2021-01-19 00:07:39
登出時間:  2021-01-19 00:26:27
------------------------------------------
登入時間:  2021-01-19 00:26:35
登出時間:  2021-01-19 01:10:19
------------------------------------------
登入時間:  2021-01-19 01:10:26
登入時間:  2021-01-19 01:11:47
登入時間:  2021-01-19 01:13:03
登出時間:  2021-01-19 01:14:08
------------------------------------------
登入時間:  2021-01-19 01:14:13
登出時間:  2021-01-19 01:15:17
------------------------------------------
登入時間:  2021-01-19 01:16:51
登出時間:  2021-01-19 01:17:49
------------------------------------------
登入時間:  2021-01-19 10:07:10
登出時間:  2021-01-19 10:37:38
------------------------------------------
登入時間:  2021-01-19 10:38:17
登出時間:  2021-01-19 10:43:57
------------------------------------------
登入時間:  2021-01-19 10:44:05
登出時間:  2021-01-19 10:44:33
------------------------------------------
登入時間:  2021-01-19 10:45:29
登出時間:  2021-01-19 11:28:00
------------------------------------------
登出時間:  2021-01-19 11:28:11
------------------------------------------
登入時間:  2021-01-19 20:01:03
登出時間:  2021-01-19 20:10:49
------------------------------------------
登入時間:  2021-01-19 20:10:58
登入時間:  2021-01-19 21:25:12
登出時間:  2021-01-19 21:27:24
------------------------------------------
登出時間:  2021-01-19 21:27:25
------------------------------------------
登入時間:  2021-01-19 21:30:36
登入時間:  2021-01-19 21:51:25
登出時間:  2021-01-19 21:51:42
------------------------------------------
登出時間:  2021-01-19 21:51:43
------------------------------------------
登入時間:  2021-01-19 21:53:19
登出時間:  2021-01-19 21:56:07
------------------------------------------
登出時間:  2021-01-19 21:56:09
------------------------------------------
登入時間:  2021-01-19 21:56:14
登出時間:  2021-01-19 22:28:20
------------------------------------------
登入時間:  2021-01-19 22:29:05
登出時間:  2021-01-19 22:31:44
------------------------------------------
登入時間:  2021-01-19 22:31:49
登出時間:  2021-01-19 22:34:21
------------------------------------------
登入時間:  2021-01-19 22:34:30
登出時間:  2021-01-19 22:41:55
------------------------------------------
登入時間:  2021-01-19 22:42:08
登出時間:  2021-01-19 22:47:35
------------------------------------------
登入時間:  2021-01-19 22:47:45
登出時間:  2021-01-19 22:51:39
------------------------------------------
登入時間:  2021-01-19 22:51:46
登出時間:  2021-01-19 22:52:47
------------------------------------------
登入時間:  2021-01-19 22:53:03
登出時間:  2021-01-19 23:41:26
------------------------------------------
登出時間:  2021-01-19 23:41:28
------------------------------------------
登入時間:  2021-01-19 23:54:42
登入時間:  2021-01-19 23:58:27
登出時間:  2021-01-20 00:00:20
------------------------------------------
登入時間:  2021-01-20 00:00:27
登出時間:  2021-01-20 00:09:11
------------------------------------------
登出時間:  2021-01-20 00:09:15
------------------------------------------
登入時間:  2021-01-20 00:09:30
登出時間:  2021-01-20 00:12:57
------------------------------------------
登入時間:  2021-01-20 00:13:05
登出時間:  2021-01-20 00:13:43
------------------------------------------
登入時間:  2021-01-20 00:13:53
登入時間:  2021-01-20 00:16:44
登出時間:  2021-01-20 00:16:50
------------------------------------------
登入時間:  2021-01-20 00:23:49
登入時間:  2021-01-20 00:24:43
登入時間:  2021-01-20 00:28:04
登出時間:  2021-01-20 00:37:50
------------------------------------------
登入時間:  2021-01-20 00:55:37
登出時間:  2021-01-20 01:09:21
------------------------------------------
登入時間:  2021-01-20 01:09:26
登出時間:  2021-01-20 01:16:41
------------------------------------------
登出時間:  2021-01-20 01:16:43
------------------------------------------
登入時間:  2021-01-20 10:08:15
登入時間:  2021-01-20 10:46:21
登出時間:  2021-01-20 13:41:52
------------------------------------------
登入時間:  2021-01-22 16:50:23
登出時間:  2021-01-22 16:57:32
------------------------------------------
登入時間:  2021-01-22 17:24:49
登入時間:  2021-01-22 17:28:59
登出時間:  2021-01-22 17:41:56
------------------------------------------
登入時間:  2021-01-26 10:38:53
登出時間:  2021-01-26 10:40:07
------------------------------------------
登入時間:  2021-01-26 10:45:42
登出時間:  2021-01-26 10:59:43
------------------------------------------
登入時間:  2021-01-28 12:50:49
登出時間:  2021-01-28 14:31:11
------------------------------------------
登入時間:  2021-01-29 23:12:32
登出時間:  2021-01-29 23:46:04
------------------------------------------
登入時間:  2021-01-30 22:33:19
登出時間:  2021-01-30 23:15:48
------------------------------------------
登入時間:  2021-01-30 23:16:49
登出時間:  2021-01-30 23:22:05
------------------------------------------
登入時間:  2021-01-30 23:26:49
登出時間:  2021-01-30 23:34:46
------------------------------------------
登入時間:  2021-01-30 23:35:05
登出時間:  2021-01-31 00:41:58
------------------------------------------
登入時間:  2021-02-17 20:23:21
登出時間:  2021-02-18 00:09:38
------------------------------------------
登入時間:  2021-02-25 10:02:42
登出時間:  2021-02-25 10:32:30
------------------------------------------
登入時間:  2021-02-25 10:36:59
登出時間:  2021-02-25 10:38:27
------------------------------------------
登入時間:  2021-02-25 10:38:38
登出時間:  2021-02-25 10:47:14
------------------------------------------
登入時間:  2021-02-25 10:47:28
登出時間:  2021-02-25 14:32:37
------------------------------------------
登入時間:  2021-02-25 15:43:41
登出時間:  2021-02-25 15:45:45
------------------------------------------
登入時間:  2021-02-25 15:45:52
登出時間:  2021-02-25 15:46:02
------------------------------------------
登入時間:  2021-02-26 17:38:48
登出時間:  2021-02-26 17:51:28
------------------------------------------
登入時間:  2021-03-01 14:00:26
登出時間:  2021-03-01 14:27:45
------------------------------------------
登入時間:  2021-03-01 14:29:04
登入時間:  2021-03-01 14:31:52
登出時間:  2021-03-01 14:44:26
------------------------------------------